<?xml version="1.0" encoding="UTF-8"?>
<!-- Generated by org.testng.reporters.JUnitReportReporter -->
<testsuite hostname="VHHC9QC0KXX9FSG" name="com.yd.test.Estimate" tests="1" failures="0" timestamp="15 Feb 2017 07:59:15 GMT" time="0.823" errors="0">
  <testcase name="testEstimate" time="0.823" classname="com.yd.test.Estimate"/>
</testsuite> <!-- com.yd.test.Estimate -->
