<?xml version="1.0" encoding="UTF-8"?>
<!-- Generated by org.testng.reporters.JUnitReportReporter -->
<testsuite hostname="VHHC9QC0KXX9FSG" name="com.yd.testckd.Recommend" tests="2" failures="0" timestamp="15 Feb 2017 10:22:14 GMT" time="1.239" errors="0">
  <testcase name="recommendTestIOS" time="0.146" classname="com.yd.testckd.Recommend"/>
  <testcase name="recommendTestAndroid" time="1.093" classname="com.yd.testckd.Recommend"/>
</testsuite> <!-- com.yd.testckd.Recommend -->
