<?xml version="1.0" encoding="UTF-8"?>
<!-- Generated by org.testng.reporters.JUnitReportReporter -->
<testsuite hostname="VHHC9QC0KXX9FSG" name="com.yd.testckd.UserLocation" tests="1" failures="0" timestamp="15 Feb 2017 10:35:22 GMT" time="0.246" errors="0">
  <testcase name="mapLocSearNearbyAndroid" time="0.246" classname="com.yd.testckd.UserLocation"/>
</testsuite> <!-- com.yd.testckd.UserLocation -->
